[INFO ]2024-09-2112:01:28.973[main]utilities.LoggerLoad1)-Closing Driver
[INFO ]2024-09-2112:08:24.012[TestNG-test-FirefoxTestCases-1]utilities.LoggerLoad1)-Closing Driver
[INFO ]2024-09-2112:08:24.963[TestNG-test-ChromeTestCases-1]utilities.LoggerLoad1)-Closing Driver
[INFO ]2024-09-2112:11:52.217[TestNG-test-FirefoxTestCases-1]utilities.LoggerLoad1)-Closing Driver
[INFO ]2024-09-2112:11:53.090[TestNG-test-ChromeTestCases-1]utilities.LoggerLoad1)-Closing Driver
[INFO ]2024-09-2514:58:03.775[TestNG-test-FirefoxTestCases-1]utilities.LoggerLoad1)-===============================================================================================
[INFO ]2024-09-2514:58:03.780[TestNG-test-FirefoxTestCases-1]utilities.LoggerLoad1)-[@signin, @TS_signin_01] : User on login page and login with invalid and valid inputs from Excel "Sheet1" and
[INFO ]2024-09-2514:58:03.782[TestNG-test-FirefoxTestCases-1]utilities.LoggerLoad1)------------------------------------------------------------------------------------------------
[INFO ]2024-09-2514:58:03.906[TestNG-test-FirefoxTestCases-1]utilities.LoggerLoad1)-User is on Sigin Page
[INFO ]2024-09-2514:58:05.409[TestNG-test-FirefoxTestCases-1]utilities.LoggerLoad1)-User Enter username as " bitbuddies "and Password as " bit" 
[INFO ]2024-09-2514:58:05.818[TestNG-test-FirefoxTestCases-1]utilities.LoggerLoad1)-User clicks on login button
[INFO ]2024-09-2514:58:05.819[TestNG-test-FirefoxTestCases-1]utilities.LoggerLoad1)-Expected Message - Excel Sheet :  Invalid Username and Password
[INFO ]2024-09-2514:58:06.212[TestNG-test-FirefoxTestCases-1]utilities.LoggerLoad1)-Actual Message :  Invalid Username and Password
[INFO ]2024-09-2514:58:06.422[TestNG-test-FirefoxTestCases-1]utilities.LoggerLoad1)-Closing Driver
[INFO ]2024-09-2514:58:08.707[TestNG-test-FirefoxTestCases-1]utilities.LoggerLoad1)-===============================================================================================
[INFO ]2024-09-2514:58:08.708[TestNG-test-FirefoxTestCases-1]utilities.LoggerLoad1)-[@signin, @TS_signin_01] : User on login page and login with invalid and valid inputs from Excel "Sheet1" and
[INFO ]2024-09-2514:58:08.709[TestNG-test-FirefoxTestCases-1]utilities.LoggerLoad1)------------------------------------------------------------------------------------------------
[INFO ]2024-09-2514:58:08.719[TestNG-test-FirefoxTestCases-1]utilities.LoggerLoad1)-User is on Sigin Page
[INFO ]2024-09-2514:58:09.384[TestNG-test-FirefoxTestCases-1]utilities.LoggerLoad1)-User Enter username as " username "and Password as " buddies@123" 
[INFO ]2024-09-2514:58:09.969[TestNG-test-FirefoxTestCases-1]utilities.LoggerLoad1)-User clicks on login button
[INFO ]2024-09-2514:58:09.969[TestNG-test-FirefoxTestCases-1]utilities.LoggerLoad1)-Expected Message - Excel Sheet :  Invalid Username and Password
[INFO ]2024-09-2514:58:10.325[TestNG-test-FirefoxTestCases-1]utilities.LoggerLoad1)-Actual Message :  Invalid Username and Password
[INFO ]2024-09-2514:58:10.508[TestNG-test-FirefoxTestCases-1]utilities.LoggerLoad1)-Closing Driver
[INFO ]2024-09-2514:58:12.217[TestNG-test-FirefoxTestCases-1]utilities.LoggerLoad1)-===============================================================================================
[INFO ]2024-09-2514:58:12.217[TestNG-test-FirefoxTestCases-1]utilities.LoggerLoad1)-[@signin, @TS_signin_01] : User on login page and login with invalid and valid inputs from Excel "Sheet1" and
[INFO ]2024-09-2514:58:12.218[TestNG-test-FirefoxTestCases-1]utilities.LoggerLoad1)------------------------------------------------------------------------------------------------
[INFO ]2024-09-2514:58:12.222[TestNG-test-FirefoxTestCases-1]utilities.LoggerLoad1)-User is on Sigin Page
[INFO ]2024-09-2514:58:12.652[TestNG-test-FirefoxTestCases-1]utilities.LoggerLoad1)-User Enter username as " bitbuddies "and Password as " buddies@123" 
[INFO ]2024-09-2514:58:13.397[TestNG-test-FirefoxTestCases-1]utilities.LoggerLoad1)-User clicks on login button
[INFO ]2024-09-2514:58:13.397[TestNG-test-FirefoxTestCases-1]utilities.LoggerLoad1)-Expected Message - Excel Sheet :  You are logged in
[INFO ]2024-09-2514:58:13.958[TestNG-test-FirefoxTestCases-1]utilities.LoggerLoad1)-Actual Message :  You are logged in
[INFO ]2024-09-2514:58:14.276[TestNG-test-FirefoxTestCases-1]utilities.LoggerLoad1)-Closing Driver
[INFO ]2024-09-2514:58:16.203[TestNG-test-FirefoxTestCases-1]utilities.LoggerLoad1)-===============================================================================================
[INFO ]2024-09-2514:58:16.203[TestNG-test-FirefoxTestCases-1]utilities.LoggerLoad1)-[@signin, @TS_signin_01] : User on login page and login with invalid and valid inputs from Excel "Sheet1" and
[INFO ]2024-09-2514:58:16.204[TestNG-test-FirefoxTestCases-1]utilities.LoggerLoad1)------------------------------------------------------------------------------------------------
[INFO ]2024-09-2514:58:16.207[TestNG-test-FirefoxTestCases-1]utilities.LoggerLoad1)-User is on Sigin Page
[INFO ]2024-09-2514:58:16.648[TestNG-test-FirefoxTestCases-1]utilities.LoggerLoad1)-User Enter username as " bitbuddies12 "and Password as " buddies@12" 
[INFO ]2024-09-2514:58:17.308[TestNG-test-FirefoxTestCases-1]utilities.LoggerLoad1)-User clicks on login button
[INFO ]2024-09-2514:58:17.308[TestNG-test-FirefoxTestCases-1]utilities.LoggerLoad1)-Expected Message - Excel Sheet :  Invalid Username and Password
[INFO ]2024-09-2514:58:17.675[TestNG-test-FirefoxTestCases-1]utilities.LoggerLoad1)-Actual Message :  Invalid Username and Password
[INFO ]2024-09-2514:58:17.859[TestNG-test-FirefoxTestCases-1]utilities.LoggerLoad1)-Closing Driver
[INFO ]2024-09-2514:58:23.228[TestNG-test-ChromeTestCases-1]utilities.LoggerLoad1)-===============================================================================================
[INFO ]2024-09-2514:58:23.229[TestNG-test-ChromeTestCases-1]utilities.LoggerLoad1)-[@signin, @TS_signin_01] : User on login page and login with invalid and valid inputs from Excel "Sheet1" and
[INFO ]2024-09-2514:58:23.230[TestNG-test-ChromeTestCases-1]utilities.LoggerLoad1)------------------------------------------------------------------------------------------------
[INFO ]2024-09-2514:58:23.249[TestNG-test-ChromeTestCases-1]utilities.LoggerLoad1)-User is on Sigin Page
[INFO ]2024-09-2514:58:23.805[TestNG-test-ChromeTestCases-1]utilities.LoggerLoad1)-User Enter username as " bitbuddies "and Password as " bit" 
[INFO ]2024-09-2514:58:24.473[TestNG-test-ChromeTestCases-1]utilities.LoggerLoad1)-User clicks on login button
[INFO ]2024-09-2514:58:24.474[TestNG-test-ChromeTestCases-1]utilities.LoggerLoad1)-Expected Message - Excel Sheet :  Invalid Username and Password
[INFO ]2024-09-2514:58:24.854[TestNG-test-ChromeTestCases-1]utilities.LoggerLoad1)-Actual Message :  Invalid Username and Password
[INFO ]2024-09-2514:58:25.048[TestNG-test-ChromeTestCases-1]utilities.LoggerLoad1)-Closing Driver
[INFO ]2024-09-2514:58:26.849[TestNG-test-ChromeTestCases-1]utilities.LoggerLoad1)-===============================================================================================
[INFO ]2024-09-2514:58:26.850[TestNG-test-ChromeTestCases-1]utilities.LoggerLoad1)-[@signin, @TS_signin_01] : User on login page and login with invalid and valid inputs from Excel "Sheet1" and
[INFO ]2024-09-2514:58:26.850[TestNG-test-ChromeTestCases-1]utilities.LoggerLoad1)------------------------------------------------------------------------------------------------
[INFO ]2024-09-2514:58:26.854[TestNG-test-ChromeTestCases-1]utilities.LoggerLoad1)-User is on Sigin Page
[INFO ]2024-09-2514:58:27.306[TestNG-test-ChromeTestCases-1]utilities.LoggerLoad1)-User Enter username as " username "and Password as " buddies@123" 
[INFO ]2024-09-2514:58:28.090[TestNG-test-ChromeTestCases-1]utilities.LoggerLoad1)-User clicks on login button
[INFO ]2024-09-2514:58:28.090[TestNG-test-ChromeTestCases-1]utilities.LoggerLoad1)-Expected Message - Excel Sheet :  Invalid Username and Password
[INFO ]2024-09-2514:58:28.619[TestNG-test-ChromeTestCases-1]utilities.LoggerLoad1)-Actual Message :  Invalid Username and Password
[INFO ]2024-09-2514:58:28.852[TestNG-test-ChromeTestCases-1]utilities.LoggerLoad1)-Closing Driver
[INFO ]2024-09-2514:58:30.545[TestNG-test-ChromeTestCases-1]utilities.LoggerLoad1)-===============================================================================================
[INFO ]2024-09-2514:58:30.546[TestNG-test-ChromeTestCases-1]utilities.LoggerLoad1)-[@signin, @TS_signin_01] : User on login page and login with invalid and valid inputs from Excel "Sheet1" and
[INFO ]2024-09-2514:58:30.546[TestNG-test-ChromeTestCases-1]utilities.LoggerLoad1)------------------------------------------------------------------------------------------------
[INFO ]2024-09-2514:58:30.549[TestNG-test-ChromeTestCases-1]utilities.LoggerLoad1)-User is on Sigin Page
[INFO ]2024-09-2514:58:31.132[TestNG-test-ChromeTestCases-1]utilities.LoggerLoad1)-User Enter username as " bitbuddies "and Password as " buddies@123" 
[INFO ]2024-09-2514:58:31.811[TestNG-test-ChromeTestCases-1]utilities.LoggerLoad1)-User clicks on login button
[INFO ]2024-09-2514:58:31.811[TestNG-test-ChromeTestCases-1]utilities.LoggerLoad1)-Expected Message - Excel Sheet :  You are logged in
[INFO ]2024-09-2514:58:32.323[TestNG-test-ChromeTestCases-1]utilities.LoggerLoad1)-Actual Message :  You are logged in
[INFO ]2024-09-2514:58:32.598[TestNG-test-ChromeTestCases-1]utilities.LoggerLoad1)-Closing Driver
[INFO ]2024-09-2514:58:34.546[TestNG-test-ChromeTestCases-1]utilities.LoggerLoad1)-===============================================================================================
[INFO ]2024-09-2514:58:34.547[TestNG-test-ChromeTestCases-1]utilities.LoggerLoad1)-[@signin, @TS_signin_01] : User on login page and login with invalid and valid inputs from Excel "Sheet1" and
[INFO ]2024-09-2514:58:34.547[TestNG-test-ChromeTestCases-1]utilities.LoggerLoad1)------------------------------------------------------------------------------------------------
[INFO ]2024-09-2514:58:34.552[TestNG-test-ChromeTestCases-1]utilities.LoggerLoad1)-User is on Sigin Page
[INFO ]2024-09-2514:58:35.010[TestNG-test-ChromeTestCases-1]utilities.LoggerLoad1)-User Enter username as " bitbuddies12 "and Password as " buddies@12" 
[INFO ]2024-09-2514:58:35.653[TestNG-test-ChromeTestCases-1]utilities.LoggerLoad1)-User clicks on login button
[INFO ]2024-09-2514:58:35.653[TestNG-test-ChromeTestCases-1]utilities.LoggerLoad1)-Expected Message - Excel Sheet :  Invalid Username and Password
[INFO ]2024-09-2514:58:36.014[TestNG-test-ChromeTestCases-1]utilities.LoggerLoad1)-Actual Message :  Invalid Username and Password
[INFO ]2024-09-2514:58:36.228[TestNG-test-ChromeTestCases-1]utilities.LoggerLoad1)-Closing Driver
[INFO ]2024-09-2521:19:48.341[TestNG-test-FirefoxTestCases-1]utilities.LoggerLoad1)-===============================================================================================
[INFO ]2024-09-2521:19:48.344[TestNG-test-FirefoxTestCases-1]utilities.LoggerLoad1)-[@signin, @TS_signin_01] : User on login page and login with invalid and valid inputs from Excel "Sheet1" and
[INFO ]2024-09-2521:19:48.344[TestNG-test-FirefoxTestCases-1]utilities.LoggerLoad1)------------------------------------------------------------------------------------------------
[INFO ]2024-09-2521:19:48.408[TestNG-test-FirefoxTestCases-1]utilities.LoggerLoad1)-User is on Sigin Page
[INFO ]2024-09-2521:19:49.493[TestNG-test-FirefoxTestCases-1]utilities.LoggerLoad1)-User Enter username as " bitbuddies "and Password as " bit" 
[INFO ]2024-09-2521:19:49.782[TestNG-test-FirefoxTestCases-1]utilities.LoggerLoad1)-User clicks on login button
[INFO ]2024-09-2521:19:49.782[TestNG-test-FirefoxTestCases-1]utilities.LoggerLoad1)-Expected Message - Excel Sheet :  Invalid Username and Password
[INFO ]2024-09-2521:19:50.069[TestNG-test-FirefoxTestCases-1]utilities.LoggerLoad1)-Actual Message :  Invalid Username and Password
[INFO ]2024-09-2521:19:50.213[TestNG-test-FirefoxTestCases-1]utilities.LoggerLoad1)-Closing Driver
[INFO ]2024-09-2521:19:51.611[TestNG-test-FirefoxTestCases-1]utilities.LoggerLoad1)-===============================================================================================
[INFO ]2024-09-2521:19:51.612[TestNG-test-FirefoxTestCases-1]utilities.LoggerLoad1)-[@signin, @TS_signin_01] : User on login page and login with invalid and valid inputs from Excel "Sheet1" and
[INFO ]2024-09-2521:19:51.613[TestNG-test-FirefoxTestCases-1]utilities.LoggerLoad1)------------------------------------------------------------------------------------------------
[INFO ]2024-09-2521:19:51.619[TestNG-test-FirefoxTestCases-1]utilities.LoggerLoad1)-User is on Sigin Page
[INFO ]2024-09-2521:19:51.985[TestNG-test-FirefoxTestCases-1]utilities.LoggerLoad1)-User Enter username as " username "and Password as " buddies@123" 
[INFO ]2024-09-2521:19:52.325[TestNG-test-FirefoxTestCases-1]utilities.LoggerLoad1)-User clicks on login button
[INFO ]2024-09-2521:19:52.326[TestNG-test-FirefoxTestCases-1]utilities.LoggerLoad1)-Expected Message - Excel Sheet :  Invalid Username and Password
[INFO ]2024-09-2521:19:52.656[TestNG-test-FirefoxTestCases-1]utilities.LoggerLoad1)-Actual Message :  Invalid Username and Password
[INFO ]2024-09-2521:19:52.812[TestNG-test-FirefoxTestCases-1]utilities.LoggerLoad1)-Closing Driver
[INFO ]2024-09-2521:19:54.326[TestNG-test-FirefoxTestCases-1]utilities.LoggerLoad1)-===============================================================================================
[INFO ]2024-09-2521:19:54.326[TestNG-test-FirefoxTestCases-1]utilities.LoggerLoad1)-[@signin, @TS_signin_01] : User on login page and login with invalid and valid inputs from Excel "Sheet1" and
[INFO ]2024-09-2521:19:54.327[TestNG-test-FirefoxTestCases-1]utilities.LoggerLoad1)------------------------------------------------------------------------------------------------
[INFO ]2024-09-2521:19:54.330[TestNG-test-FirefoxTestCases-1]utilities.LoggerLoad1)-User is on Sigin Page
[INFO ]2024-09-2521:19:54.636[TestNG-test-FirefoxTestCases-1]utilities.LoggerLoad1)-User Enter username as " bitbuddies "and Password as " buddies@123" 
[INFO ]2024-09-2521:19:55.026[TestNG-test-FirefoxTestCases-1]utilities.LoggerLoad1)-User clicks on login button
[INFO ]2024-09-2521:19:55.026[TestNG-test-FirefoxTestCases-1]utilities.LoggerLoad1)-Expected Message - Excel Sheet :  You are logged in
[INFO ]2024-09-2521:19:55.419[TestNG-test-FirefoxTestCases-1]utilities.LoggerLoad1)-Actual Message :  You are logged in
[INFO ]2024-09-2521:19:55.650[TestNG-test-FirefoxTestCases-1]utilities.LoggerLoad1)-Closing Driver
[INFO ]2024-09-2521:19:57.013[TestNG-test-FirefoxTestCases-1]utilities.LoggerLoad1)-===============================================================================================
[INFO ]2024-09-2521:19:57.014[TestNG-test-FirefoxTestCases-1]utilities.LoggerLoad1)-[@signin, @TS_signin_01] : User on login page and login with invalid and valid inputs from Excel "Sheet1" and
[INFO ]2024-09-2521:19:57.014[TestNG-test-FirefoxTestCases-1]utilities.LoggerLoad1)------------------------------------------------------------------------------------------------
[INFO ]2024-09-2521:19:57.017[TestNG-test-FirefoxTestCases-1]utilities.LoggerLoad1)-User is on Sigin Page
[INFO ]2024-09-2521:19:57.397[TestNG-test-FirefoxTestCases-1]utilities.LoggerLoad1)-User Enter username as " bitbuddies12 "and Password as " buddies@12" 
[INFO ]2024-09-2521:19:57.773[TestNG-test-FirefoxTestCases-1]utilities.LoggerLoad1)-User clicks on login button
[INFO ]2024-09-2521:19:57.773[TestNG-test-FirefoxTestCases-1]utilities.LoggerLoad1)-Expected Message - Excel Sheet :  Invalid Username and Password
[INFO ]2024-09-2521:19:58.109[TestNG-test-FirefoxTestCases-1]utilities.LoggerLoad1)-Actual Message :  Invalid Username and Password
[INFO ]2024-09-2521:19:58.293[TestNG-test-FirefoxTestCases-1]utilities.LoggerLoad1)-Closing Driver
[INFO ]2024-09-2521:20:01.850[TestNG-test-ChromeTestCases-1]utilities.LoggerLoad1)-===============================================================================================
[INFO ]2024-09-2521:20:01.852[TestNG-test-ChromeTestCases-1]utilities.LoggerLoad1)-[@signin, @TS_signin_01] : User on login page and login with invalid and valid inputs from Excel "Sheet1" and
[INFO ]2024-09-2521:20:01.852[TestNG-test-ChromeTestCases-1]utilities.LoggerLoad1)------------------------------------------------------------------------------------------------
[INFO ]2024-09-2521:20:01.853[TestNG-test-ChromeTestCases-1]utilities.LoggerLoad1)-User is on Sigin Page
[INFO ]2024-09-2521:20:02.187[TestNG-test-ChromeTestCases-1]utilities.LoggerLoad1)-User Enter username as " bitbuddies "and Password as " bit" 
[INFO ]2024-09-2521:20:02.450[TestNG-test-ChromeTestCases-1]utilities.LoggerLoad1)-User clicks on login button
[INFO ]2024-09-2521:20:02.450[TestNG-test-ChromeTestCases-1]utilities.LoggerLoad1)-Expected Message - Excel Sheet :  Invalid Username and Password
[INFO ]2024-09-2521:20:02.689[TestNG-test-ChromeTestCases-1]utilities.LoggerLoad1)-Actual Message :  Invalid Username and Password
[INFO ]2024-09-2521:20:02.841[TestNG-test-ChromeTestCases-1]utilities.LoggerLoad1)-Closing Driver
[INFO ]2024-09-2521:20:04.165[TestNG-test-ChromeTestCases-1]utilities.LoggerLoad1)-===============================================================================================
[INFO ]2024-09-2521:20:04.165[TestNG-test-ChromeTestCases-1]utilities.LoggerLoad1)-[@signin, @TS_signin_01] : User on login page and login with invalid and valid inputs from Excel "Sheet1" and
[INFO ]2024-09-2521:20:04.165[TestNG-test-ChromeTestCases-1]utilities.LoggerLoad1)------------------------------------------------------------------------------------------------
[INFO ]2024-09-2521:20:04.167[TestNG-test-ChromeTestCases-1]utilities.LoggerLoad1)-User is on Sigin Page
[INFO ]2024-09-2521:20:04.471[TestNG-test-ChromeTestCases-1]utilities.LoggerLoad1)-User Enter username as " username "and Password as " buddies@123" 
[INFO ]2024-09-2521:20:04.853[TestNG-test-ChromeTestCases-1]utilities.LoggerLoad1)-User clicks on login button
[INFO ]2024-09-2521:20:04.853[TestNG-test-ChromeTestCases-1]utilities.LoggerLoad1)-Expected Message - Excel Sheet :  Invalid Username and Password
[INFO ]2024-09-2521:20:05.125[TestNG-test-ChromeTestCases-1]utilities.LoggerLoad1)-Actual Message :  Invalid Username and Password
[INFO ]2024-09-2521:20:05.290[TestNG-test-ChromeTestCases-1]utilities.LoggerLoad1)-Closing Driver
[INFO ]2024-09-2521:20:06.493[TestNG-test-ChromeTestCases-1]utilities.LoggerLoad1)-===============================================================================================
[INFO ]2024-09-2521:20:06.493[TestNG-test-ChromeTestCases-1]utilities.LoggerLoad1)-[@signin, @TS_signin_01] : User on login page and login with invalid and valid inputs from Excel "Sheet1" and
[INFO ]2024-09-2521:20:06.494[TestNG-test-ChromeTestCases-1]utilities.LoggerLoad1)------------------------------------------------------------------------------------------------
[INFO ]2024-09-2521:20:06.496[TestNG-test-ChromeTestCases-1]utilities.LoggerLoad1)-User is on Sigin Page
[INFO ]2024-09-2521:20:06.770[TestNG-test-ChromeTestCases-1]utilities.LoggerLoad1)-User Enter username as " bitbuddies "and Password as " buddies@123" 
[INFO ]2024-09-2521:20:07.113[TestNG-test-ChromeTestCases-1]utilities.LoggerLoad1)-User clicks on login button
[INFO ]2024-09-2521:20:07.113[TestNG-test-ChromeTestCases-1]utilities.LoggerLoad1)-Expected Message - Excel Sheet :  You are logged in
[INFO ]2024-09-2521:20:07.541[TestNG-test-ChromeTestCases-1]utilities.LoggerLoad1)-Actual Message :  You are logged in
[INFO ]2024-09-2521:20:07.747[TestNG-test-ChromeTestCases-1]utilities.LoggerLoad1)-Closing Driver
[INFO ]2024-09-2521:20:08.965[TestNG-test-ChromeTestCases-1]utilities.LoggerLoad1)-===============================================================================================
[INFO ]2024-09-2521:20:08.965[TestNG-test-ChromeTestCases-1]utilities.LoggerLoad1)-[@signin, @TS_signin_01] : User on login page and login with invalid and valid inputs from Excel "Sheet1" and
[INFO ]2024-09-2521:20:08.966[TestNG-test-ChromeTestCases-1]utilities.LoggerLoad1)------------------------------------------------------------------------------------------------
[INFO ]2024-09-2521:20:08.969[TestNG-test-ChromeTestCases-1]utilities.LoggerLoad1)-User is on Sigin Page
[INFO ]2024-09-2521:20:09.316[TestNG-test-ChromeTestCases-1]utilities.LoggerLoad1)-User Enter username as " bitbuddies12 "and Password as " buddies@12" 
[INFO ]2024-09-2521:20:09.707[TestNG-test-ChromeTestCases-1]utilities.LoggerLoad1)-User clicks on login button
[INFO ]2024-09-2521:20:09.707[TestNG-test-ChromeTestCases-1]utilities.LoggerLoad1)-Expected Message - Excel Sheet :  Invalid Username and Password
[INFO ]2024-09-2521:20:09.968[TestNG-test-ChromeTestCases-1]utilities.LoggerLoad1)-Actual Message :  Invalid Username and Password
[INFO ]2024-09-2521:20:10.109[TestNG-test-ChromeTestCases-1]utilities.LoggerLoad1)-Closing Driver
